<?xml version="1.0" encoding="UTF-8"?>
<!-- Generated by org.testng.reporters.JUnitReportReporter -->
<testsuite skipped="0" hostname="SANDEEP" name="Tutorial.SeleniumAutomation.WindowHandlingTest" tests="1" failures="0" timestamp="10 Aug 2020 10:53:41 GMT" time="2.436" errors="0">
  <testcase name="handleWindow" time="2.436" classname="Tutorial.SeleniumAutomation.WindowHandlingTest"/>
</testsuite> <!-- Tutorial.SeleniumAutomation.WindowHandlingTest -->
