<?xml version="1.0" encoding="UTF-8"?>
<!-- Generated by org.testng.reporters.JUnitReportReporter -->
<testsuite name="Tutorial.SeleniumAutomation.TestClass" tests="2" time="19.815" ignored="0" failures="0" timestamp="19 Jun 2020 10:30:00 GMT" skipped="0" hostname="SANDEEP" errors="0">
  <testcase name="printHello" time="0.013" classname="Tutorial.SeleniumAutomation.TestClass"/>
  <testcase name="printHi" time="19.802" classname="Tutorial.SeleniumAutomation.TestClass"/>
</testsuite> <!-- Tutorial.SeleniumAutomation.TestClass -->
