<?xml version="1.0" encoding="UTF-8"?>
<!-- Generated by org.testng.reporters.JUnitReportReporter -->
<testsuite skipped="0" hostname="SANDEEP" name="Tutorial.SeleniumAutomation.WindowHandlingTest" tests="1" failures="0" timestamp="13 Aug 2020 12:13:41 GMT" time="2.948" errors="0">
  <testcase name="handleWindow" time="2.948" classname="Tutorial.SeleniumAutomation.WindowHandlingTest"/>
</testsuite> <!-- Tutorial.SeleniumAutomation.WindowHandlingTest -->
