<?xml version="1.0" encoding="UTF-8"?>
<!-- Generated by org.testng.reporters.JUnitReportReporter -->
<testsuite skipped="0" hostname="SANDEEP" name="Tutorial.SeleniumAutomation.ClickEventsTest" tests="3" failures="0" timestamp="10 Aug 2020 10:58:16 GMT" time="0.820" errors="0">
  <testcase name="clickOnButton" time="0.255" classname="Tutorial.SeleniumAutomation.ClickEventsTest"/>
  <testcase name="rightClickOnButton" time="0.282" classname="Tutorial.SeleniumAutomation.ClickEventsTest"/>
  <testcase name="doubleClickOnButton" time="0.283" classname="Tutorial.SeleniumAutomation.ClickEventsTest"/>
</testsuite> <!-- Tutorial.SeleniumAutomation.ClickEventsTest -->
