<?xml version="1.0" encoding="UTF-8"?>
<!-- Generated by org.testng.reporters.JUnitReportReporter -->
<testsuite skipped="0" hostname="SANDEEP" name="Tutorial.SeleniumAutomation.IframeTest" tests="1" failures="0" timestamp="13 Aug 2020 12:23:09 GMT" time="0.198" errors="0">
  <testcase name="iFrameHandle" time="0.198" classname="Tutorial.SeleniumAutomation.IframeTest"/>
</testsuite> <!-- Tutorial.SeleniumAutomation.IframeTest -->
