<?xml version="1.0" encoding="UTF-8"?>
<!-- Generated by org.testng.reporters.JUnitReportReporter -->
<testsuite skipped="0" hostname="SANDEEP" name="Tutorial.SeleniumAutomation.Utilities" tests="1" failures="0" timestamp="29 May 2020 11:24:32 GMT" time="0.055" errors="0">
  <testcase name="loggGenerator" time="0.055" classname="Tutorial.SeleniumAutomation.Utilities"/>
</testsuite> <!-- Tutorial.SeleniumAutomation.Utilities -->
