<?xml version="1.0" encoding="UTF-8"?>
<!-- Generated by org.testng.reporters.JUnitReportReporter -->
<testsuite skipped="0" hostname="SANDEEP" name="Tutorial.SeleniumAutomation.ClickEventsTest" tests="3" failures="0" timestamp="19 Jun 2020 10:41:58 GMT" time="91.334" errors="0">
  <testcase name="rightClickOnButton" time="30.335" classname="Tutorial.SeleniumAutomation.ClickEventsTest"/>
  <testcase name="doubleClickOnButton" time="30.366" classname="Tutorial.SeleniumAutomation.ClickEventsTest"/>
  <testcase name="clickOnButton" time="30.633" classname="Tutorial.SeleniumAutomation.ClickEventsTest"/>
</testsuite> <!-- Tutorial.SeleniumAutomation.ClickEventsTest -->
