<?xml version="1.0" encoding="UTF-8"?>
<!-- Generated by org.testng.reporters.JUnitReportReporter -->
<testsuite skipped="0" hostname="SANDEEP" name="Tutorial.SeleniumAutomation.TestClass" tests="2" failures="0" timestamp="19 Jun 2020 10:41:58 GMT" time="0.000" errors="0">
  <testcase name="printHi" time="0.000" classname="Tutorial.SeleniumAutomation.TestClass"/>
  <testcase name="printHello" time="0.000" classname="Tutorial.SeleniumAutomation.TestClass"/>
</testsuite> <!-- Tutorial.SeleniumAutomation.TestClass -->
