<?xml version="1.0" encoding="UTF-8"?>
<!-- Generated by org.testng.reporters.JUnitReportReporter -->
<testsuite skipped="1" hostname="SANDEEP" name="Tutorial.SeleniumAutomation.WindowHandlingTest" tests="1" failures="0" timestamp="13 Aug 2020 11:56:09 GMT" time="0.000" errors="0">
  <testcase name="handleWindow" time="0.000" classname="Tutorial.SeleniumAutomation.WindowHandlingTest">
    <skipped/>
  </testcase> <!-- handleWindow -->
</testsuite> <!-- Tutorial.SeleniumAutomation.WindowHandlingTest -->
