<?xml version="1.0" encoding="UTF-8"?>
<!-- Generated by org.testng.reporters.JUnitReportReporter -->
<testsuite skipped="0" hostname="SANDEEP" name="Tutorial.SeleniumAutomation.WindowHandlingTest" tests="1" failures="0" timestamp="19 Jun 2020 10:41:58 GMT" time="0.000" errors="0">
  <testcase name="handleWindow" time="0.000" classname="Tutorial.SeleniumAutomation.WindowHandlingTest"/>
</testsuite> <!-- Tutorial.SeleniumAutomation.WindowHandlingTest -->
